<?xml version="1.0" encoding="UTF-8"?>
<testng-results ignored="0" total="1" passed="1" failed="0" skipped="0">
  <reporter-output>
  </reporter-output>
  <suite started-at="2022-12-18T13:56:36Z" name="Default suite" finished-at="2022-12-18T13:56:53Z" duration-ms="16970">
    <groups>
    </groups>
    <test started-at="2022-12-18T13:56:36Z" name="Default test" finished-at="2022-12-18T13:56:53Z" duration-ms="16970">
      <class name="test.EndtoEnd">
        <test-method signature="test1()[pri:0, instance:test.EndtoEnd@60b4beb4]" started-at="2022-12-18T13:56:36Z" name="test1" finished-at="2022-12-18T13:56:53Z" duration-ms="16908" status="PASS">
          <reporter-output>
          </reporter-output>
        </test-method> <!-- test1 -->
      </class> <!-- test.EndtoEnd -->
    </test> <!-- Default test -->
  </suite> <!-- Default suite -->
</testng-results>
